<?xml version="1.0" encoding="UTF-8"?>
<testsuite xmlns:xsi="http://www.w3.org/2001/XMLSchema-instance" xsi:noNamespaceSchemaLocation="https://maven.apache.org/surefire/maven-surefire-plugin/xsd/surefire-test-report-3.0.xsd" version="3.0" name="com.ocado.library.ItemFlowIntegrationTest" time="5.717" tests="1" errors="0" skipped="0" failures="1">
  <properties>
[...]
</properties>
  <testcase name="testFullItemFlow" classname="com.ocado.library.ItemFlowIntegrationTest" time="0.739">
    <failure message="Status expected:&lt;201&gt; but was:&lt;500&gt;" type="java.lang.AssertionError"><![CDATA[java.lang.AssertionError: Status expected:<201> but was:<500>
	at org.springframework.test.util.AssertionErrors.fail(AssertionErrors.java:59)
	at org.springframework.test.util.AssertionErrors.assertEquals(AssertionErrors.java:122)
	at org.springframework.test.web.servlet.result.StatusResultMatchers.lambda$matcher$9(StatusResultMatchers.java:637)
	at org.springframework.test.web.servlet.MockMvc$1.andExpect(MockMvc.java:214)
	at com.ocado.library.ItemFlowIntegrationTest.testFullItemFlow(ItemFlowIntegrationTest.java:57)
	at java.base/java.lang.reflect.Method.invoke(Method.java:565)
	at java.base/java.util.ArrayList.forEach(ArrayList.java:1604)
	at java.base/java.util.ArrayList.forEach(ArrayList.java:1604)
]]></failure>
    <system-out><![CDATA[16:44:31.372 [main] INFO org.springframework.test.context.support.AnnotationConfigContextLoaderUtils -- Could not detect default configuration classes for test class [com.ocado.library.ItemFlowIntegrationTest]: ItemFlowIntegrationTest does not declare any static, non-private, non-final, nested classes annotated with @Configuration.
16:44:31.481 [main] INFO org.springframework.boot.test.context.SpringBootTestContextBootstrapper -- Found @SpringBootConfiguration com.ocado.library.LibraryApplication for test class com.ocado.library.ItemFlowIntegrationTest

  .   ____          _            __ _ _
 /\\ / ___'_ __ _ _(_)_ __  __ _ \ \ \ \
( ( )\___ | '_ | '_| | '_ \/ _` | \ \ \ \
 \\/  ___)| |_)| | | | | || (_| |  ) ) ) )
  '  |____| .__|_| |_|_| |_\__, | / / / /
 =========|_|==============|___/=/_/_/_/
 :: Spring Boot ::                (v3.2.5)

2026-05-19T16:44:31.898+02:00  INFO 40844 --- [library-api] [           main] c.ocado.library.ItemFlowIntegrationTest  : Starting ItemFlowIntegrationTest using Java 25.0.2 with PID 40844 (started by mikha in C:\Users\mikha\Desktop\Ocado-library\backend_api)
2026-05-19T16:44:31.898+02:00  INFO 40844 --- [library-api] [           main] c.ocado.library.ItemFlowIntegrationTest  : The following 1 profile is active: "test"
2026-05-19T16:44:32.737+02:00  INFO 40844 --- [library-api] [           main] .s.d.r.c.RepositoryConfigurationDelegate : Bootstrapping Spring Data JPA repositories in DEFAULT mode.
2026-05-19T16:44:32.795+02:00  INFO 40844 --- [library-api] [           main] .s.d.r.c.RepositoryConfigurationDelegate : Finished Spring Data repository scanning in 51 ms. Found 3 JPA repository interfaces.
2026-05-19T16:44:33.286+02:00  INFO 40844 --- [library-api] [           main] o.hibernate.jpa.internal.util.LogHelper  : HHH000204: Processing PersistenceUnitInfo [name: default]
2026-05-19T16:44:33.353+02:00  INFO 40844 --- [library-api] [           main] org.hibernate.Version                    : HHH000412: Hibernate ORM core version 6.4.4.Final
2026-05-19T16:44:33.388+02:00  INFO 40844 --- [library-api] [           main] o.h.c.internal.RegionFactoryInitiator    : HHH000026: Second-level cache disabled
2026-05-19T16:44:33.664+02:00  INFO 40844 --- [library-api] [           main] o.s.o.j.p.SpringPersistenceUnitInfo      : No LoadTimeWeaver setup: ignoring JPA class transformer
2026-05-19T16:44:33.693+02:00  INFO 40844 --- [library-api] [           main] com.zaxxer.hikari.HikariDataSource       : HikariPool-1 - Starting...
2026-05-19T16:44:33.850+02:00  INFO 40844 --- [library-api] [           main] com.zaxxer.hikari.pool.HikariPool        : HikariPool-1 - Added connection org.postgresql.jdbc.PgConnection@13234ac9
2026-05-19T16:44:33.851+02:00  INFO 40844 --- [library-api] [           main] com.zaxxer.hikari.HikariDataSource       : HikariPool-1 - Start completed.
2026-05-19T16:44:33.877+02:00  WARN 40844 --- [library-api] [           main] org.hibernate.orm.deprecation            : HHH90000025: PostgreSQLDialect does not need to be specified explicitly using 'hibernate.dialect' (remove the property setting and it will be selected by default)
2026-05-19T16:44:34.729+02:00  INFO 40844 --- [library-api] [           main] o.h.e.t.j.p.i.JtaPlatformInitiator       : HHH000489: No JTA platform available (set 'hibernate.transaction.jta.platform' to enable JTA platform integration)
2026-05-19T16:44:34.848+02:00  INFO 40844 --- [library-api] [           main] j.LocalContainerEntityManagerFactoryBean : Initialized JPA EntityManagerFactory for persistence unit 'default'
2026-05-19T16:44:35.459+02:00  WARN 40844 --- [library-api] [           main] JpaBaseConfiguration$JpaWebConfiguration : spring.jpa.open-in-view is enabled by default. Therefore, database queries may be performed during view rendering. Explicitly configure spring.jpa.open-in-view to disable this warning
2026-05-19T16:44:35.748+02:00  INFO 40844 --- [library-api] [           main] o.s.s.web.DefaultSecurityFilterChain     : Will secure any request with [org.springframework.security.web.session.DisableEncodeUrlFilter@3e356ed6, org.springframework.security.web.context.request.async.WebAsyncManagerIntegrationFilter@403b7be3, org.springframework.security.web.context.SecurityContextHolderFilter@77e24d3c, org.springframework.security.web.header.HeaderWriterFilter@bb3487c, org.springframework.web.filter.CorsFilter@2a5d9ede, org.springframework.security.web.authentication.logout.LogoutFilter@3ed2a30c, org.springframework.security.web.savedrequest.RequestCacheAwareFilter@4f1ea463, org.springframework.security.web.servletapi.SecurityContextHolderAwareRequestFilter@3a641f6, org.springframework.security.web.authentication.AnonymousAuthenticationFilter@39e91bda, org.springframework.security.web.access.ExceptionTranslationFilter@30a99b85, org.springframework.security.web.access.intercept.AuthorizationFilter@5924ea91]
2026-05-19T16:44:36.195+02:00  INFO 40844 --- [library-api] [           main] o.s.b.t.m.w.SpringBootMockServletContext : Initializing Spring TestDispatcherServlet ''
2026-05-19T16:44:36.195+02:00  INFO 40844 --- [library-api] [           main] o.s.t.web.servlet.TestDispatcherServlet  : Initializing Servlet ''
2026-05-19T16:44:36.196+02:00  INFO 40844 --- [library-api] [           main] o.s.t.web.servlet.TestDispatcherServlet  : Completed initialization in 0 ms
2026-05-19T16:44:36.213+02:00  INFO 40844 --- [library-api] [           main] c.ocado.library.ItemFlowIntegrationTest  : Started ItemFlowIntegrationTest in 4.614 seconds (process running for 5.459)
Hibernate: 
    insert 
    into
        description
        (description, title, type) 
    values
        (?, ?, ?)
Hibernate: 
    insert 
    into
        book_description
        (author, image, id) 
    values
        (?, ?, ?)
Hibernate: 
    insert 
    into
        description_tags
        (description_id, tags) 
    values
        (?, ?)
Hibernate: 
    insert 
    into
        description_tags
        (description_id, tags) 
    values
        (?, ?)
Hibernate: 
    insert 
    into
        journal
        (datetime, description, user_email) 
    values
        (?, ?, ?)
Hibernate: 
    select
        d1_0.id,
        case 
            when d1_1.id is not null 
                then 1 
            when d1_2.id is not null 
                then 2 
            when d1_3.id is not null 
                then 3 
            end,
            d1_0.description,
            d1_0.title,
            d1_0.type,
            d1_1.number_of_players,
            d1_2.author,
            d1_2.image 
        from
            description d1_0 
        left join
            board_game_description d1_1 
                on d1_0.id=d1_1.id 
        left join
            book_description d1_2 
                on d1_0.id=d1_2.id 
        left join
            psgame_description d1_3 
                on d1_0.id=d1_3.id 
        where
            d1_0.id=?
Hibernate: 
    insert 
    into
        item
        (borrower, description_id, internal_id, status) 
    values
        (?, ?, ?, ?)
2026-05-19T16:44:36.942+02:00  WARN 40844 --- [library-api] [           main] o.h.engine.jdbc.spi.SqlExceptionHelper   : SQL Error: 0, SQLState: 23505
2026-05-19T16:44:36.943+02:00 ERROR 40844 --- [library-api] [           main] o.h.engine.jdbc.spi.SqlExceptionHelper   : ERROR: duplicate key value violates unique constraint "item_internal_id_key"
  Подробности: Key (internal_id)=(OC-B-WR-001) already exists.

MockHttpServletRequest:
      HTTP Method = POST
      Request URI = /api/descriptions/Book/add
       Parameters = {}
          Headers = [Content-Type:"application/json;charset=UTF-8", X-User-Email:"admin@example.com", Content-Length:"193"]
             Body = {"title":"Clean Code","author":"Robert C. Martin","isbn":"978-0132350884","description":"A Handbook of Agile Software Craftsmanship","image":"sample_image_url","tags":["java","best-practices"]}
    Session Attrs = {}

Handler:
             Type = com.ocado.library.controller.AdminResourceController
           Method = com.ocado.library.controller.AdminResourceController#createDescription(ItemType, Map)

Async:
    Async started = false
     Async result = null

Resolved Exception:
             Type = null

ModelAndView:
        View name = null
             View = null
            Model = null

FlashMap:
       Attributes = null

MockHttpServletResponse:
           Status = 201
    Error message = null
          Headers = [Vary:"Origin", "Access-Control-Request-Method", "Access-Control-Request-Headers", Content-Type:"application/json", X-Content-Type-Options:"nosniff", X-XSS-Protection:"0", Cache-Control:"no-cache, no-store, max-age=0, must-revalidate", Pragma:"no-cache", Expires:"0", X-Frame-Options:"DENY"]
     Content type = application/json
             Body = {"id":2,"internalId":null,"type":"Book","title":"Clean Code","author":"Robert C. Martin","image":"sample_image_url","description":"A Handbook of Agile Software Craftsmanship","tags":["java","best-practices"],"descriptionStatus":"AVAILABLE"}
    Forwarded URL = null
   Redirected URL = null
          Cookies = []

MockHttpServletRequest:
      HTTP Method = POST
      Request URI = /api/admin/items/add
       Parameters = {}
          Headers = [Content-Type:"application/json;charset=UTF-8", X-User-Email:"admin@example.com", Content-Length:"67"]
             Body = {"internalId":"OC-B-WR-001","descriptionId":2,"status":"AVAILABLE"}
    Session Attrs = {}

Handler:
             Type = com.ocado.library.controller.AdminItemController
           Method = com.ocado.library.controller.AdminItemController#addPhysicalCopy(AdminCreateItemRequest)

Async:
    Async started = false
     Async result = null

Resolved Exception:
             Type = org.springframework.dao.DataIntegrityViolationException

ModelAndView:
        View name = null
             View = null
            Model = null

FlashMap:
       Attributes = null

MockHttpServletResponse:
           Status = 500
    Error message = null
          Headers = [Vary:"Origin", "Access-Control-Request-Method", "Access-Control-Request-Headers", Content-Type:"application/json", X-Content-Type-Options:"nosniff", X-XSS-Protection:"0", Cache-Control:"no-cache, no-store, max-age=0, must-revalidate", Pragma:"no-cache", Expires:"0", X-Frame-Options:"DENY"]
     Content type = application/json
             Body = {"status":500,"message":"could not execute statement [ERROR: duplicate key value violates unique constraint \"item_internal_id_key\"\n  Подробности: Key (internal_id)=(OC-B-WR-001) already exists.] [insert into item (borrower,description_id,internal_id,status) values (?,?,?,?)]; SQL [insert into item (borrower,description_id,internal_id,status) values (?,?,?,?)]; constraint [item_internal_id_key]","error":"Internal Server Error"}
    Forwarded URL = null
   Redirected URL = null
          Cookies = []
]]></system-out>
    <system-err><![CDATA[WARNING: A Java agent has been loaded dynamically (C:\Users\mikha\.m2\repository\net\bytebuddy\byte-buddy-agent\1.14.13\byte-buddy-agent-1.14.13.jar)
WARNING: If a serviceability tool is in use, please run with -XX:+EnableDynamicAgentLoading to hide this warning
WARNING: If a serviceability tool is not in use, please run with -Djdk.instrument.traceUsage for more information
WARNING: Dynamic loading of agents will be disallowed by default in a future release
]]></system-err>
  </testcase>
</testsuite>